[    17.446] (WW) Failed to open protocol names file lib/xorg/protocol.txt
[    17.447] 
X.Org X Server 1.20.8
X Protocol Version 11, Revision 0
[    17.447] Build Operating System: Linux Arch Linux
[    17.447] Current Operating System: Linux archbook 5.7.7-arch1-1 #1 SMP PREEMPT Wed, 01 Jul 2020 14:53:16 +0000 x86_64
[    17.448] Kernel command line: BOOT_IMAGE=/boot/vmlinuz-linux root=UUID=3586a131-7db4-4c5f-aa33-674dc4954eff rw loglevel=3 quiet
[    17.448] Build Date: 05 May 2020  05:08:17AM
[    17.448]  
[    17.448] Current version of pixman: 0.40.0
[    17.448] 	Before reporting problems, check http://wiki.x.org
	to make sure that you have the latest version.
[    17.448] Markers: (--) probed, (**) from config file, (==) default setting,
	(++) from command line, (!!) notice, (II) informational,
	(WW) warning, (EE) error, (NI) not implemented, (??) unknown.
[    17.450] (==) Log file: "/home/tamas/.local/share/xorg/Xorg.0.log", Time: Mon Jul  6 07:09:13 2020
[    17.455] (==) Using config directory: "/etc/X11/xorg.conf.d"
[    17.455] (==) Using system config directory "/usr/share/X11/xorg.conf.d"
[    17.456] (==) No Layout section.  Using the first Screen section.
[    17.456] (==) No screen section available. Using defaults.
[    17.456] (**) |-->Screen "Default Screen Section" (0)
[    17.456] (**) |   |-->Monitor "<default monitor>"
[    17.457] (==) No monitor specified for screen "Default Screen Section".
	Using a default monitor configuration.
[    17.457] (==) Automatically adding devices
[    17.457] (==) Automatically enabling devices
[    17.457] (==) Automatically adding GPU devices
[    17.457] (==) Automatically binding GPU devices
[    17.458] (==) Max clients allowed: 256, resource mask: 0x1fffff
[    17.459] (WW) The directory "/usr/share/fonts/misc" does not exist.
[    17.459] 	Entry deleted from font path.
[    17.462] (WW) The directory "/usr/share/fonts/OTF" does not exist.
[    17.462] 	Entry deleted from font path.
[    17.462] (WW) The directory "/usr/share/fonts/Type1" does not exist.
[    17.462] 	Entry deleted from font path.
[    17.462] (WW) The directory "/usr/share/fonts/100dpi" does not exist.
[    17.462] 	Entry deleted from font path.
[    17.462] (WW) The directory "/usr/share/fonts/75dpi" does not exist.
[    17.462] 	Entry deleted from font path.
[    17.462] (==) FontPath set to:
	/usr/share/fonts/TTF
[    17.462] (==) ModulePath set to "/usr/lib/xorg/modules"
[    17.462] (II) The server relies on udev to provide the list of input devices.
	If no devices become available, reconfigure udev or disable AutoAddDevices.
[    17.462] (II) Module ABI versions:
[    17.462] 	X.Org ANSI C Emulation: 0.4
[    17.462] 	X.Org Video Driver: 24.1
[    17.462] 	X.Org XInput driver : 24.1
[    17.462] 	X.Org Server Extension : 10.0
[    17.464] (++) using VT number 1

[    17.468] (II) systemd-logind: took control of session /org/freedesktop/login1/session/_31
[    17.469] (II) xfree86: Adding drm device (/dev/dri/card0)
[    17.471] (II) systemd-logind: got fd for /dev/dri/card0 226:0 fd 10 paused 0
[    17.478] (--) PCI:*(0@0:2:0) 8086:5a84:1025:1190 rev 11, Mem @ 0x90000000/16777216, 0x80000000/268435456, I/O @ 0x00001000/64, BIOS @ 0x????????/131072
[    17.478] (WW) Open ACPI failed (/var/run/acpid.socket) (No such file or directory)
[    17.478] (II) LoadModule: "glx"
[    17.479] (II) Loading /usr/lib/xorg/modules/extensions/libglx.so
[    17.494] (II) Module glx: vendor="X.Org Foundation"
[    17.494] 	compiled for 1.20.8, module version = 1.0.0
[    17.494] 	ABI class: X.Org Server Extension, version 10.0
[    17.494] (==) Matched intel as autoconfigured driver 0
[    17.494] (==) Matched modesetting as autoconfigured driver 1
[    17.494] (==) Matched fbdev as autoconfigured driver 2
[    17.494] (==) Matched vesa as autoconfigured driver 3
[    17.494] (==) Assigned the driver to the xf86ConfigLayout
[    17.494] (II) LoadModule: "intel"
[    17.494] (II) Loading /usr/lib/xorg/modules/drivers/intel_drv.so
[    17.500] (II) Module intel: vendor="X.Org Foundation"
[    17.500] 	compiled for 1.20.8, module version = 2.99.917
[    17.500] 	Module class: X.Org Video Driver
[    17.500] 	ABI class: X.Org Video Driver, version 24.1
[    17.500] (II) LoadModule: "modesetting"
[    17.500] (II) Loading /usr/lib/xorg/modules/drivers/modesetting_drv.so
[    17.504] (II) Module modesetting: vendor="X.Org Foundation"
[    17.504] 	compiled for 1.20.8, module version = 1.20.8
[    17.504] 	Module class: X.Org Video Driver
[    17.504] 	ABI class: X.Org Video Driver, version 24.1
[    17.504] (II) LoadModule: "fbdev"
[    17.504] (II) Loading /usr/lib/xorg/modules/drivers/fbdev_drv.so
[    17.505] (II) Module fbdev: vendor="X.Org Foundation"
[    17.505] 	compiled for 1.20.8, module version = 0.5.0
[    17.505] 	Module class: X.Org Video Driver
[    17.505] 	ABI class: X.Org Video Driver, version 24.1
[    17.505] (II) LoadModule: "vesa"
[    17.505] (WW) Warning, couldn't open module vesa
[    17.505] (EE) Failed to load module "vesa" (module does not exist, 0)
[    17.505] (II) intel: Driver for Intel(R) Integrated Graphics Chipsets:
	i810, i810-dc100, i810e, i815, i830M, 845G, 854, 852GM/855GM, 865G,
	915G, E7221 (i915), 915GM, 945G, 945GM, 945GME, Pineview GM,
	Pineview G, 965G, G35, 965Q, 946GZ, 965GM, 965GME/GLE, G33, Q35, Q33,
	GM45, 4 Series, G45/G43, Q45/Q43, G41, B43
[    17.506] (II) intel: Driver for Intel(R) HD Graphics
[    17.506] (II) intel: Driver for Intel(R) Iris(TM) Graphics
[    17.506] (II) intel: Driver for Intel(R) Iris(TM) Pro Graphics
[    17.506] (II) modesetting: Driver for Modesetting Kernel Drivers: kms
[    17.506] (II) FBDEV: driver for framebuffer: fbdev
[    17.506] xf86EnableIOPorts: failed to set IOPL for I/O (Operation not permitted)
[    17.507] (II) intel(0): Using Kernel Mode Setting driver: i915, version 1.6.0 20200313
[    17.507] (II) intel(0): SNA compiled from 2.99.917-908-g7181c5a4
[    17.509] (WW) Falling back to old probe method for modesetting
[    17.509] (WW) Falling back to old probe method for fbdev
[    17.509] (II) Loading sub module "fbdevhw"
[    17.509] (II) LoadModule: "fbdevhw"
[    17.509] (II) Loading /usr/lib/xorg/modules/libfbdevhw.so
[    17.510] (II) Module fbdevhw: vendor="X.Org Foundation"
[    17.510] 	compiled for 1.20.8, module version = 0.0.2
[    17.510] 	ABI class: X.Org Video Driver, version 24.1
[    17.510] (WW) VGA arbiter: cannot open kernel arbiter, no multi-card support
[    17.511] (--) intel(0): Integrated Graphics Chipset: Intel(R) HD Graphics 505
[    17.511] (--) intel(0): CPU: x86-64, sse2, sse3, ssse3, sse4.1, sse4.2; using a maximum of 4 threads
[    17.511] (II) intel(0): Creating default Display subsection in Screen section
	"Default Screen Section" for depth/fbbpp 24/32
[    17.512] (==) intel(0): Depth 24, (--) framebuffer bpp 32
[    17.512] (==) intel(0): RGB weight 888
[    17.512] (==) intel(0): Default visual is TrueColor
[    17.513] (II) intel(0): Output eDP1 has no monitor section
[    17.515] (**) intel(0): Found backlight control interface intel_backlight (type 'raw') for output eDP1
[    17.515] (II) intel(0): Enabled output eDP1
[    17.515] (II) intel(0): Output HDMI1 has no monitor section
[    17.515] (II) intel(0): Enabled output HDMI1
[    17.515] (--) intel(0): Using a maximum size of 256x256 for hardware cursors
[    17.516] (II) intel(0): Output VIRTUAL1 has no monitor section
[    17.516] (II) intel(0): Enabled output VIRTUAL1
[    17.516] (--) intel(0): Output eDP1 using initial mode 1920x1080 on pipe 0
[    17.516] (==) intel(0): TearFree disabled
[    17.516] (==) intel(0): Using gamma correction (1.0, 1.0, 1.0)
[    17.516] (==) intel(0): DPI set to (96, 96)
[    17.516] (II) Loading sub module "dri3"
[    17.516] (II) LoadModule: "dri3"
[    17.516] (II) Module "dri3" already built-in
[    17.516] (II) Loading sub module "dri2"
[    17.516] (II) LoadModule: "dri2"
[    17.516] (II) Module "dri2" already built-in
[    17.516] (II) Loading sub module "present"
[    17.516] (II) LoadModule: "present"
[    17.516] (II) Module "present" already built-in
[    17.516] (II) UnloadModule: "modesetting"
[    17.516] (II) Unloading modesetting
[    17.516] (II) UnloadModule: "fbdev"
[    17.516] (II) Unloading fbdev
[    17.516] (II) UnloadSubModule: "fbdevhw"
[    17.516] (II) Unloading fbdevhw
[    17.521] (II) intel(0): SNA initialized with Broxton (gen9) backend
[    17.521] (==) intel(0): Backing store enabled
[    17.521] (==) intel(0): Silken mouse disabled
[    17.521] (II) intel(0): HW Cursor enabled
[    17.523] (==) intel(0): DPMS enabled
[    17.523] (==) intel(0): Display hotplug detection enabled
[    17.524] (II) intel(0): [DRI2] Setup complete
[    17.524] (II) intel(0): [DRI2]   DRI driver: i965
[    17.524] (II) intel(0): [DRI2]   VDPAU driver: va_gl
[    17.524] (II) intel(0): direct rendering: DRI2 DRI3 enabled
[    17.524] (II) intel(0): hardware support for Present enabled
[    17.524] (II) Initializing extension Generic Event Extension
[    17.524] (II) Initializing extension SHAPE
[    17.524] (II) Initializing extension MIT-SHM
[    17.524] (II) Initializing extension XInputExtension
[    17.525] (II) Initializing extension XTEST
[    17.525] (II) Initializing extension BIG-REQUESTS
[    17.525] (II) Initializing extension SYNC
[    17.525] (II) Initializing extension XKEYBOARD
[    17.525] (II) Initializing extension XC-MISC
[    17.525] (II) Initializing extension SECURITY
[    17.525] (II) Initializing extension XFIXES
[    17.525] (II) Initializing extension RENDER
[    17.525] (II) Initializing extension RANDR
[    17.525] (II) Initializing extension COMPOSITE
[    17.525] (II) Initializing extension DAMAGE
[    17.525] (II) Initializing extension MIT-SCREEN-SAVER
[    17.525] (II) Initializing extension DOUBLE-BUFFER
[    17.525] (II) Initializing extension RECORD
[    17.525] (II) Initializing extension DPMS
[    17.525] (II) Initializing extension Present
[    17.525] (II) Initializing extension DRI3
[    17.525] (II) Initializing extension X-Resource
[    17.525] (II) Initializing extension XVideo
[    17.525] (II) Initializing extension XVideo-MotionCompensation
[    17.525] (II) Initializing extension GLX
[    17.593] (II) AIGLX: Loaded and initialized i965
[    17.593] (II) GLX: Initialized DRI2 GL provider for screen 0
[    17.593] (II) Initializing extension XFree86-VidModeExtension
[    17.593] (II) Initializing extension XFree86-DGA
[    17.593] (II) Initializing extension XFree86-DRI
[    17.593] (II) Initializing extension DRI2
[    17.602] (II) intel(0): switch to mode 1920x1080@60.0 on eDP1 using pipe 0, position (0, 0), rotation normal, reflection none
[    17.608] (II) intel(0): Setting screen physical size to 508 x 285
[    17.688] (II) config/udev: Adding input device Acer Wireless Radio Control (/dev/input/event4)
[    17.688] (**) Acer Wireless Radio Control: Applying InputClass "libinput keyboard catchall"
[    17.688] (**) Acer Wireless Radio Control: Applying InputClass "system-keyboard"
[    17.688] (II) LoadModule: "libinput"
[    17.688] (II) Loading /usr/lib/xorg/modules/input/libinput_drv.so
[    17.696] (II) Module libinput: vendor="X.Org Foundation"
[    17.696] 	compiled for 1.20.8, module version = 0.30.0
[    17.696] 	Module class: X.Org XInput Driver
[    17.696] 	ABI class: X.Org XInput driver, version 24.1
[    17.696] (II) Using input driver 'libinput' for 'Acer Wireless Radio Control'
[    17.698] (II) systemd-logind: got fd for /dev/input/event4 13:68 fd 16 paused 0
[    17.698] (**) Acer Wireless Radio Control: always reports core events
[    17.698] (**) Option "Device" "/dev/input/event4"
[    17.698] (**) Option "_source" "server/udev"
[    17.709] (II) event4  - Acer Wireless Radio Control: is tagged by udev as: Keyboard
[    17.709] (II) event4  - Acer Wireless Radio Control: device is a keyboard
[    17.709] (II) event4  - Acer Wireless Radio Control: device removed
[    17.709] (**) Option "config_info" "udev:/sys/devices/LNXSYSTM:00/LNXSYBUS:00/10251229:00/input/input8/event4"
[    17.709] (II) XINPUT: Adding extended input device "Acer Wireless Radio Control" (type: KEYBOARD, id 6)
[    17.709] (**) Option "xkb_model" "pc105"
[    17.709] (**) Option "xkb_layout" "hu"
[    17.709] (**) Option "xkb_variant" ","
[    17.709] (**) Option "xkb_options" "grp:alt_shift_toggle"
[    17.744] (II) event4  - Acer Wireless Radio Control: is tagged by udev as: Keyboard
[    17.744] (II) event4  - Acer Wireless Radio Control: device is a keyboard
[    17.745] (II) config/udev: Adding input device Video Bus (/dev/input/event9)
[    17.745] (**) Video Bus: Applying InputClass "libinput keyboard catchall"
[    17.745] (**) Video Bus: Applying InputClass "system-keyboard"
[    17.745] (II) Using input driver 'libinput' for 'Video Bus'
[    17.747] (II) systemd-logind: got fd for /dev/input/event9 13:73 fd 19 paused 0
[    17.747] (**) Video Bus: always reports core events
[    17.747] (**) Option "Device" "/dev/input/event9"
[    17.747] (**) Option "_source" "server/udev"
[    17.749] (II) event9  - Video Bus: is tagged by udev as: Keyboard
[    17.749] (II) event9  - Video Bus: device is a keyboard
[    17.749] (II) event9  - Video Bus: device removed
[    17.749] (**) Option "config_info" "udev:/sys/devices/LNXSYSTM:00/LNXSYBUS:00/PNP0A08:00/LNXVIDEO:00/input/input16/event9"
[    17.749] (II) XINPUT: Adding extended input device "Video Bus" (type: KEYBOARD, id 7)
[    17.749] (**) Option "xkb_model" "pc105"
[    17.749] (**) Option "xkb_layout" "hu"
[    17.749] (**) Option "xkb_variant" ","
[    17.749] (**) Option "xkb_options" "grp:alt_shift_toggle"
[    17.751] (II) event9  - Video Bus: is tagged by udev as: Keyboard
[    17.752] (II) event9  - Video Bus: device is a keyboard
[    17.753] (II) config/udev: Adding input device Power Button (/dev/input/event2)
[    17.753] (**) Power Button: Applying InputClass "libinput keyboard catchall"
[    17.753] (**) Power Button: Applying InputClass "system-keyboard"
[    17.753] (II) Using input driver 'libinput' for 'Power Button'
[    17.754] (II) systemd-logind: got fd for /dev/input/event2 13:66 fd 20 paused 0
[    17.755] (**) Power Button: always reports core events
[    17.755] (**) Option "Device" "/dev/input/event2"
[    17.755] (**) Option "_source" "server/udev"
[    17.756] (II) event2  - Power Button: is tagged by udev as: Keyboard
[    17.756] (II) event2  - Power Button: device is a keyboard
[    17.756] (II) event2  - Power Button: device removed
[    17.756] (**) Option "config_info" "udev:/sys/devices/LNXSYSTM:00/LNXSYBUS:00/PNP0C0C:00/input/input2/event2"
[    17.756] (II) XINPUT: Adding extended input device "Power Button" (type: KEYBOARD, id 8)
[    17.756] (**) Option "xkb_model" "pc105"
[    17.756] (**) Option "xkb_layout" "hu"
[    17.756] (**) Option "xkb_variant" ","
[    17.756] (**) Option "xkb_options" "grp:alt_shift_toggle"
[    17.758] (II) event2  - Power Button: is tagged by udev as: Keyboard
[    17.758] (II) event2  - Power Button: device is a keyboard
[    17.759] (II) config/udev: Adding input device Lid Switch (/dev/input/event1)
[    17.759] (II) No input driver specified, ignoring this device.
[    17.759] (II) This device may have been added with another device file.
[    17.760] (II) config/udev: Adding input device Sleep Button (/dev/input/event0)
[    17.760] (**) Sleep Button: Applying InputClass "libinput keyboard catchall"
[    17.760] (**) Sleep Button: Applying InputClass "system-keyboard"
[    17.760] (II) Using input driver 'libinput' for 'Sleep Button'
[    17.761] (II) systemd-logind: got fd for /dev/input/event0 13:64 fd 21 paused 0
[    17.761] (**) Sleep Button: always reports core events
[    17.761] (**) Option "Device" "/dev/input/event0"
[    17.761] (**) Option "_source" "server/udev"
[    17.763] (II) event0  - Sleep Button: is tagged by udev as: Keyboard
[    17.763] (II) event0  - Sleep Button: device is a keyboard
[    17.763] (II) event0  - Sleep Button: device removed
[    17.763] (**) Option "config_info" "udev:/sys/devices/LNXSYSTM:00/LNXSYBUS:00/PNP0C0E:00/input/input0/event0"
[    17.763] (II) XINPUT: Adding extended input device "Sleep Button" (type: KEYBOARD, id 9)
[    17.763] (**) Option "xkb_model" "pc105"
[    17.763] (**) Option "xkb_layout" "hu"
[    17.763] (**) Option "xkb_variant" ","
[    17.763] (**) Option "xkb_options" "grp:alt_shift_toggle"
[    17.765] (II) event0  - Sleep Button: is tagged by udev as: Keyboard
[    17.765] (II) event0  - Sleep Button: device is a keyboard
[    17.766] (II) config/udev: Adding input device HDA Digital PCBeep (/dev/input/event10)
[    17.766] (II) No input driver specified, ignoring this device.
[    17.766] (II) This device may have been added with another device file.
[    17.767] (II) config/udev: Adding input device HDA Intel PCH Front Headphone (/dev/input/event11)
[    17.767] (II) No input driver specified, ignoring this device.
[    17.767] (II) This device may have been added with another device file.
[    17.767] (II) config/udev: Adding input device HDA Intel PCH HDMI/DP,pcm=3 (/dev/input/event12)
[    17.767] (II) No input driver specified, ignoring this device.
[    17.767] (II) This device may have been added with another device file.
[    17.768] (II) config/udev: Adding input device HDA Intel PCH HDMI/DP,pcm=7 (/dev/input/event13)
[    17.768] (II) No input driver specified, ignoring this device.
[    17.768] (II) This device may have been added with another device file.
[    17.768] (II) config/udev: Adding input device HDA Intel PCH HDMI/DP,pcm=8 (/dev/input/event14)
[    17.768] (II) No input driver specified, ignoring this device.
[    17.768] (II) This device may have been added with another device file.
[    17.769] (II) config/udev: Adding input device HDA Intel PCH HDMI/DP,pcm=9 (/dev/input/event15)
[    17.769] (II) No input driver specified, ignoring this device.
[    17.769] (II) This device may have been added with another device file.
[    17.770] (II) config/udev: Adding input device HDA Intel PCH HDMI/DP,pcm=10 (/dev/input/event16)
[    17.770] (II) No input driver specified, ignoring this device.
[    17.770] (II) This device may have been added with another device file.
[    17.771] (II) config/udev: Adding input device HD WebCam: HD WebCam (/dev/input/event6)
[    17.771] (**) HD WebCam: HD WebCam: Applying InputClass "libinput keyboard catchall"
[    17.771] (**) HD WebCam: HD WebCam: Applying InputClass "system-keyboard"
[    17.771] (II) Using input driver 'libinput' for 'HD WebCam: HD WebCam'
[    17.772] (II) systemd-logind: got fd for /dev/input/event6 13:70 fd 22 paused 0
[    17.772] (**) HD WebCam: HD WebCam: always reports core events
[    17.773] (**) Option "Device" "/dev/input/event6"
[    17.773] (**) Option "_source" "server/udev"
[    17.775] (II) event6  - HD WebCam: HD WebCam: is tagged by udev as: Keyboard
[    17.775] (II) event6  - HD WebCam: HD WebCam: device is a keyboard
[    17.775] (II) event6  - HD WebCam: HD WebCam: device removed
[    17.775] (**) Option "config_info" "udev:/sys/devices/pci0000:00/0000:00:15.0/usb1/1-7/1-7:1.0/input/input14/event6"
[    17.775] (II) XINPUT: Adding extended input device "HD WebCam: HD WebCam" (type: KEYBOARD, id 10)
[    17.775] (**) Option "xkb_model" "pc105"
[    17.775] (**) Option "xkb_layout" "hu"
[    17.775] (**) Option "xkb_variant" ","
[    17.775] (**) Option "xkb_options" "grp:alt_shift_toggle"
[    17.777] (II) event6  - HD WebCam: HD WebCam: is tagged by udev as: Keyboard
[    17.778] (II) event6  - HD WebCam: HD WebCam: device is a keyboard
[    17.779] (II) config/udev: Adding input device AT Translated Set 2 keyboard (/dev/input/event3)
[    17.779] (**) AT Translated Set 2 keyboard: Applying InputClass "libinput keyboard catchall"
[    17.779] (**) AT Translated Set 2 keyboard: Applying InputClass "system-keyboard"
[    17.779] (II) Using input driver 'libinput' for 'AT Translated Set 2 keyboard'
[    17.781] (II) systemd-logind: got fd for /dev/input/event3 13:67 fd 23 paused 0
[    17.781] (**) AT Translated Set 2 keyboard: always reports core events
[    17.781] (**) Option "Device" "/dev/input/event3"
[    17.781] (**) Option "_source" "server/udev"
[    17.782] (II) event3  - AT Translated Set 2 keyboard: is tagged by udev as: Keyboard
[    17.783] (II) event3  - AT Translated Set 2 keyboard: device is a keyboard
[    17.784] (II) event3  - AT Translated Set 2 keyboard: device removed
[    17.784] (**) Option "config_info" "udev:/sys/devices/platform/i8042/serio0/input/input3/event3"
[    17.784] (II) XINPUT: Adding extended input device "AT Translated Set 2 keyboard" (type: KEYBOARD, id 11)
[    17.784] (**) Option "xkb_model" "pc105"
[    17.784] (**) Option "xkb_layout" "hu"
[    17.784] (**) Option "xkb_variant" ","
[    17.784] (**) Option "xkb_options" "grp:alt_shift_toggle"
[    17.786] (II) event3  - AT Translated Set 2 keyboard: is tagged by udev as: Keyboard
[    17.786] (II) event3  - AT Translated Set 2 keyboard: device is a keyboard
[    17.788] (II) config/udev: Adding input device ETPS/2 Elantech Touchpad (/dev/input/event8)
[    17.788] (**) ETPS/2 Elantech Touchpad: Applying InputClass "libinput touchpad catchall"
[    17.788] (**) ETPS/2 Elantech Touchpad: Applying InputClass "libinput touchpad catchall"
[    17.788] (II) Using input driver 'libinput' for 'ETPS/2 Elantech Touchpad'
[    17.789] (II) systemd-logind: got fd for /dev/input/event8 13:72 fd 24 paused 0
[    17.789] (**) ETPS/2 Elantech Touchpad: always reports core events
[    17.789] (**) Option "Device" "/dev/input/event8"
[    17.789] (**) Option "_source" "server/udev"
[    17.791] (II) event8  - ETPS/2 Elantech Touchpad: is tagged by udev as: Touchpad
[    17.793] (II) event8  - ETPS/2 Elantech Touchpad: device is a touchpad
[    17.794] (II) event8  - ETPS/2 Elantech Touchpad: device removed
[    17.794] (**) Option "Tapping" "on"
[    17.794] (**) Option "ClickMethod" "clickfinger"
[    17.794] (**) Option "config_info" "udev:/sys/devices/platform/i8042/serio4/input/input13/event8"
[    17.794] (II) XINPUT: Adding extended input device "ETPS/2 Elantech Touchpad" (type: TOUCHPAD, id 12)
[    17.796] (**) Option "AccelerationScheme" "none"
[    17.796] (**) ETPS/2 Elantech Touchpad: (accel) selected scheme none/0
[    17.796] (**) ETPS/2 Elantech Touchpad: (accel) acceleration factor: 2.000
[    17.796] (**) ETPS/2 Elantech Touchpad: (accel) acceleration threshold: 4
[    17.798] (II) event8  - ETPS/2 Elantech Touchpad: is tagged by udev as: Touchpad
[    17.800] (II) event8  - ETPS/2 Elantech Touchpad: device is a touchpad
[    17.801] (II) config/udev: Adding input device ETPS/2 Elantech Touchpad (/dev/input/mouse0)
[    17.801] (**) ETPS/2 Elantech Touchpad: Applying InputClass "libinput touchpad catchall"
[    17.801] (II) Using input driver 'libinput' for 'ETPS/2 Elantech Touchpad'
[    17.801] (**) ETPS/2 Elantech Touchpad: always reports core events
[    17.801] (**) Option "Device" "/dev/input/mouse0"
[    17.801] (**) Option "_source" "server/udev"
[    17.802] (EE) xf86OpenSerial: Cannot open device /dev/input/mouse0
	Permission denied.
[    17.802] (II) mouse0: opening input device '/dev/input/mouse0' failed (Permission denied).
[    17.802] (II) mouse0  - failed to create input device '/dev/input/mouse0'.
[    17.802] (EE) libinput: ETPS/2 Elantech Touchpad: Failed to create a device for /dev/input/mouse0
[    17.802] (EE) PreInit returned 2 for "ETPS/2 Elantech Touchpad"
[    17.802] (II) UnloadModule: "libinput"
[    17.802] (II) config/udev: Adding input device PC Speaker (/dev/input/event5)
[    17.802] (II) No input driver specified, ignoring this device.
[    17.802] (II) This device may have been added with another device file.
[    17.803] (II) config/udev: Adding input device Acer WMI hotkeys (/dev/input/event7)
[    17.803] (**) Acer WMI hotkeys: Applying InputClass "libinput keyboard catchall"
[    17.803] (**) Acer WMI hotkeys: Applying InputClass "system-keyboard"
[    17.803] (II) Using input driver 'libinput' for 'Acer WMI hotkeys'
[    17.805] (II) systemd-logind: got fd for /dev/input/event7 13:71 fd 25 paused 0
[    17.805] (**) Acer WMI hotkeys: always reports core events
[    17.805] (**) Option "Device" "/dev/input/event7"
[    17.805] (**) Option "_source" "server/udev"
[    17.806] (II) event7  - Acer WMI hotkeys: is tagged by udev as: Keyboard
[    17.806] (II) event7  - Acer WMI hotkeys: device is a keyboard
[    17.807] (II) event7  - Acer WMI hotkeys: device removed
[    17.807] (**) Option "config_info" "udev:/sys/devices/virtual/input/input15/event7"
[    17.807] (II) XINPUT: Adding extended input device "Acer WMI hotkeys" (type: KEYBOARD, id 13)
[    17.807] (**) Option "xkb_model" "pc105"
[    17.807] (**) Option "xkb_layout" "hu"
[    17.807] (**) Option "xkb_variant" ","
[    17.807] (**) Option "xkb_options" "grp:alt_shift_toggle"
[    17.808] (II) event7  - Acer WMI hotkeys: is tagged by udev as: Keyboard
[    17.808] (II) event7  - Acer WMI hotkeys: device is a keyboard
[    17.889] (II) intel(0): EDID vendor "NCP", prod id 32
[    17.889] (II) intel(0): Printing DDC gathered Modelines:
[    17.889] (II) intel(0): Modeline "1920x1080"x0.0  138.50  1920 1968 2000 2080  1080 1083 1088 1111 -hsync -vsync (66.6 kHz eP)
[    17.889] (II) intel(0): Modeline "1920x1080"x0.0  110.92  1920 1968 2000 2080  1080 1083 1088 1111 -hsync -vsync (53.3 kHz e)
